<?xml version="1.0" encoding="UTF-8"?>
<!-- Generated by org.testng.reporters.JUnitXMLReporter -->
<testsuite ignored="0" hostname="DESKTOP-LMQEG5V" failures="0" tests="1" name="Surefire test" time="1.857" errors="0" timestamp="2024-09-06T14:19:49 IST">
  <testcase classname="ReusableCodeForTestCases.BaseTest" name="@BeforeMethod hitAppUrl" time="1.806">
    <failure type="java.lang.NullPointerException">
      <![CDATA[java.lang.NullPointerException
at java.base/java.util.Objects.requireNonNull(Objects.java:233)
at java.base/java.util.ImmutableCollections$Map1.<init>(ImmutableCollections.java:1105)
at java.base/java.util.Map.of(Map.java:1351)
at org.openqa.selenium.remote.DriverCommand.GET(DriverCommand.java:180)
at org.openqa.selenium.remote.RemoteWebDriver.get(RemoteWebDriver.java:300)
at pageObjectsFile.login.hitURL(login.java:37)
at ReusableCodeForTestCases.BaseTest.hitAppUrl(BaseTest.java:58)
at java.base/java.util.ArrayList.forEach(ArrayList.java:1511)
... Removed 34 stack frames]]>
    </failure>
  </testcase> <!-- @BeforeMethod hitAppUrl -->
  <testcase classname="ReusableCodeForTestCases.BaseTest" name="@AfterMethod instanceClose" time="0.0">
    <skipped/>
  </testcase> <!-- @AfterMethod instanceClose -->
  <testcase classname="TestCases.createCaseTest" name="newCaseCreation" time="0.0">
    <skipped/>
  </testcase> <!-- newCaseCreation -->
</testsuite> <!-- Surefire test -->
