<?xml version="1.0" encoding="UTF-8"?>
<testng-results ignored="0" total="1" passed="1" failed="0" skipped="0">
  <reporter-output>
  </reporter-output>
  <suite started-at="2024-09-02T14:46:39 IST" name="Suite" finished-at="2024-09-02T14:48:41 IST" duration-ms="121542">
    <groups>
    </groups>
    <test started-at="2024-09-02T14:46:39 IST" name="Test" finished-at="2024-09-02T14:48:41 IST" duration-ms="121542">
      <class name="TestCases.createCaseTest">
        <test-method is-config="true" signature="hitAppUrl()[pri:0, instance:TestCases.createCaseTest@15ff3e9e]" started-at="2024-09-02T14:46:39 IST" name="hitAppUrl" finished-at="2024-09-02T14:48:21 IST" duration-ms="101604" status="PASS">
          <reporter-output>
          </reporter-output>
        </test-method> <!-- hitAppUrl -->
        <test-method signature="newCaseCreation()[pri:0, instance:TestCases.createCaseTest@15ff3e9e]" started-at="2024-09-02T14:48:21 IST" name="newCaseCreation" finished-at="2024-09-02T14:48:40 IST" duration-ms="19735" status="PASS">
          <reporter-output>
          </reporter-output>
        </test-method> <!-- newCaseCreation -->
        <test-method is-config="true" signature="instanceClose()[pri:0, instance:TestCases.createCaseTest@15ff3e9e]" started-at="2024-09-02T14:48:40 IST" name="instanceClose" finished-at="2024-09-02T14:48:41 IST" duration-ms="129" status="PASS">
          <reporter-output>
          </reporter-output>
        </test-method> <!-- instanceClose -->
      </class> <!-- TestCases.createCaseTest -->
    </test> <!-- Test -->
  </suite> <!-- Suite -->
</testng-results>
